<?xml version="1.0" encoding="UTF-8"?>
<testng-results skipped="0" failed="0" ignored="0" total="9" passed="9">
  <reporter-output>
  </reporter-output>
  <suite name="Suite" duration-ms="341048" started-at="2022-05-04T14:04:53 IST" finished-at="2022-05-04T14:10:34 IST">
    <groups>
    </groups>
    <test name="Test1" duration-ms="59858" started-at="2022-05-04T14:04:53 IST" finished-at="2022-05-04T14:05:53 IST">
      <class name="com.Testclass.Tc1">
        <test-method status="PASS" signature="onSetup()[pri:0, instance:com.Testclass.Tc1@706a04ae]" name="onSetup" is-config="true" duration-ms="6718" started-at="2022-05-04T14:04:53 IST" finished-at="2022-05-04T14:04:59 IST">
          <reporter-output>
          </reporter-output>
        </test-method> <!-- onSetup -->
        <test-method status="PASS" signature="logins()[pri:1, instance:com.Testclass.Tc1@706a04ae]" name="logins" duration-ms="20830" started-at="2022-05-04T14:05:00 IST" finished-at="2022-05-04T14:05:20 IST">
          <reporter-output>
          </reporter-output>
        </test-method> <!-- logins -->
        <test-method status="PASS" signature="tearDown(org.testng.ITestResult)[pri:0, instance:com.Testclass.Tc1@706a04ae]" name="tearDown" is-config="true" duration-ms="3" started-at="2022-05-04T14:05:20 IST" finished-at="2022-05-04T14:05:20 IST">
          <params>
            <param index="0">
              <value>
                <![CDATA[[TestResult name=logins status=SUCCESS method=Tc1.logins()[pri:1, instance:com.Testclass.Tc1@706a04ae] output={null}]]]>
              </value>
            </param>
          </params>
          <reporter-output>
          </reporter-output>
        </test-method> <!-- tearDown -->
        <test-method status="PASS" signature="homes()[pri:2, instance:com.Testclass.Tc1@706a04ae]" name="homes" duration-ms="32172" started-at="2022-05-04T14:05:20 IST" finished-at="2022-05-04T14:05:53 IST">
          <reporter-output>
          </reporter-output>
        </test-method> <!-- homes -->
        <test-method status="PASS" signature="tearDown(org.testng.ITestResult)[pri:0, instance:com.Testclass.Tc1@706a04ae]" name="tearDown" is-config="true" duration-ms="0" started-at="2022-05-04T14:05:53 IST" finished-at="2022-05-04T14:05:53 IST">
          <params>
            <param index="0">
              <value>
                <![CDATA[[TestResult name=homes status=SUCCESS method=Tc1.homes()[pri:2, instance:com.Testclass.Tc1@706a04ae] output={null}]]]>
              </value>
            </param>
          </params>
          <reporter-output>
          </reporter-output>
        </test-method> <!-- tearDown -->
        <test-method status="PASS" signature="quitBrowser()[pri:0, instance:com.Testclass.Tc1@706a04ae]" name="quitBrowser" is-config="true" duration-ms="60" started-at="2022-05-04T14:05:53 IST" finished-at="2022-05-04T14:05:53 IST">
          <reporter-output>
          </reporter-output>
        </test-method> <!-- quitBrowser -->
      </class> <!-- com.Testclass.Tc1 -->
    </test> <!-- Test1 -->
    <test name="Test2" duration-ms="104608" started-at="2022-05-04T14:05:53 IST" finished-at="2022-05-04T14:07:37 IST">
      <class name="com.Testclass.Tc2">
        <test-method status="PASS" signature="onSetup()[pri:0, instance:com.Testclass.Tc2@5a4041cc]" name="onSetup" is-config="true" duration-ms="37839" started-at="2022-05-04T14:05:53 IST" finished-at="2022-05-04T14:06:30 IST">
          <reporter-output>
          </reporter-output>
        </test-method> <!-- onSetup -->
        <test-method status="PASS" signature="logins()[pri:1, instance:com.Testclass.Tc2@5a4041cc]" name="logins" duration-ms="16583" started-at="2022-05-04T14:06:30 IST" finished-at="2022-05-04T14:06:47 IST">
          <reporter-output>
          </reporter-output>
        </test-method> <!-- logins -->
        <test-method status="PASS" signature="tearDown(org.testng.ITestResult)[pri:0, instance:com.Testclass.Tc2@5a4041cc]" name="tearDown" is-config="true" duration-ms="2" started-at="2022-05-04T14:06:47 IST" finished-at="2022-05-04T14:06:47 IST">
          <params>
            <param index="0">
              <value>
                <![CDATA[[TestResult name=logins status=SUCCESS method=Tc2.logins()[pri:1, instance:com.Testclass.Tc2@5a4041cc] output={null}]]]>
              </value>
            </param>
          </params>
          <reporter-output>
          </reporter-output>
        </test-method> <!-- tearDown -->
        <test-method status="PASS" signature="homes()[pri:2, instance:com.Testclass.Tc2@5a4041cc]" name="homes" duration-ms="4272" started-at="2022-05-04T14:06:47 IST" finished-at="2022-05-04T14:06:51 IST">
          <reporter-output>
          </reporter-output>
        </test-method> <!-- homes -->
        <test-method status="PASS" signature="tearDown(org.testng.ITestResult)[pri:0, instance:com.Testclass.Tc2@5a4041cc]" name="tearDown" is-config="true" duration-ms="0" started-at="2022-05-04T14:06:51 IST" finished-at="2022-05-04T14:06:51 IST">
          <params>
            <param index="0">
              <value>
                <![CDATA[[TestResult name=homes status=SUCCESS method=Tc2.homes()[pri:2, instance:com.Testclass.Tc2@5a4041cc] output={null}]]]>
              </value>
            </param>
          </params>
          <reporter-output>
          </reporter-output>
        </test-method> <!-- tearDown -->
        <test-method status="PASS" signature="tabs()[pri:3, instance:com.Testclass.Tc2@5a4041cc]" name="tabs" duration-ms="45773" started-at="2022-05-04T14:06:51 IST" finished-at="2022-05-04T14:07:37 IST">
          <reporter-output>
          </reporter-output>
        </test-method> <!-- tabs -->
        <test-method status="PASS" signature="tearDown(org.testng.ITestResult)[pri:0, instance:com.Testclass.Tc2@5a4041cc]" name="tearDown" is-config="true" duration-ms="1" started-at="2022-05-04T14:07:37 IST" finished-at="2022-05-04T14:07:37 IST">
          <params>
            <param index="0">
              <value>
                <![CDATA[[TestResult name=tabs status=SUCCESS method=Tc2.tabs()[pri:3, instance:com.Testclass.Tc2@5a4041cc] output={null}]]]>
              </value>
            </param>
          </params>
          <reporter-output>
          </reporter-output>
        </test-method> <!-- tearDown -->
        <test-method status="PASS" signature="quitBrowser()[pri:0, instance:com.Testclass.Tc2@5a4041cc]" name="quitBrowser" is-config="true" duration-ms="124" started-at="2022-05-04T14:07:37 IST" finished-at="2022-05-04T14:07:37 IST">
          <reporter-output>
          </reporter-output>
        </test-method> <!-- quitBrowser -->
      </class> <!-- com.Testclass.Tc2 -->
    </test> <!-- Test2 -->
    <test name="Test3" duration-ms="90002" started-at="2022-05-04T14:07:37 IST" finished-at="2022-05-04T14:09:07 IST">
      <class name="com.Testclass.Tc3">
        <test-method status="PASS" signature="onSetup()[pri:0, instance:com.Testclass.Tc3@7ba18f1b]" name="onSetup" is-config="true" duration-ms="42935" started-at="2022-05-04T14:07:37 IST" finished-at="2022-05-04T14:08:20 IST">
          <reporter-output>
          </reporter-output>
        </test-method> <!-- onSetup -->
        <test-method status="PASS" signature="logins()[pri:1, instance:com.Testclass.Tc3@7ba18f1b]" name="logins" duration-ms="16174" started-at="2022-05-04T14:08:20 IST" finished-at="2022-05-04T14:08:36 IST">
          <reporter-output>
          </reporter-output>
        </test-method> <!-- logins -->
        <test-method status="PASS" signature="tearDown(org.testng.ITestResult)[pri:0, instance:com.Testclass.Tc3@7ba18f1b]" name="tearDown" is-config="true" duration-ms="1" started-at="2022-05-04T14:08:36 IST" finished-at="2022-05-04T14:08:36 IST">
          <params>
            <param index="0">
              <value>
                <![CDATA[[TestResult name=logins status=SUCCESS method=Tc3.logins()[pri:1, instance:com.Testclass.Tc3@7ba18f1b] output={null}]]]>
              </value>
            </param>
          </params>
          <reporter-output>
          </reporter-output>
        </test-method> <!-- tearDown -->
        <test-method status="PASS" signature="tabs()[pri:3, instance:com.Testclass.Tc3@7ba18f1b]" name="tabs" duration-ms="30822" started-at="2022-05-04T14:08:36 IST" finished-at="2022-05-04T14:09:07 IST">
          <reporter-output>
          </reporter-output>
        </test-method> <!-- tabs -->
        <test-method status="PASS" signature="quitBrowser()[pri:0, instance:com.Testclass.Tc3@7ba18f1b]" name="quitBrowser" is-config="true" duration-ms="65" started-at="2022-05-04T14:09:07 IST" finished-at="2022-05-04T14:09:07 IST">
          <reporter-output>
          </reporter-output>
        </test-method> <!-- quitBrowser -->
        <test-method status="PASS" signature="tearDown(org.testng.ITestResult)[pri:0, instance:com.Testclass.Tc3@7ba18f1b]" name="tearDown" is-config="true" duration-ms="0" started-at="2022-05-04T14:09:07 IST" finished-at="2022-05-04T14:09:07 IST">
          <params>
            <param index="0">
              <value>
                <![CDATA[[TestResult name=tabs status=SUCCESS method=Tc3.tabs()[pri:3, instance:com.Testclass.Tc3@7ba18f1b] output={null}]]]>
              </value>
            </param>
          </params>
          <reporter-output>
          </reporter-output>
        </test-method> <!-- tearDown -->
      </class> <!-- com.Testclass.Tc3 -->
    </test> <!-- Test3 -->
    <test name="Test4" duration-ms="86472" started-at="2022-05-04T14:09:07 IST" finished-at="2022-05-04T14:10:34 IST">
      <class name="com.Testclass.Tc4">
        <test-method status="PASS" signature="onSetup()[pri:0, instance:com.Testclass.Tc4@b9afc07]" name="onSetup" is-config="true" duration-ms="37771" started-at="2022-05-04T14:09:07 IST" finished-at="2022-05-04T14:09:45 IST">
          <reporter-output>
          </reporter-output>
        </test-method> <!-- onSetup -->
        <test-method status="PASS" signature="logins()[pri:1, instance:com.Testclass.Tc4@b9afc07]" name="logins" duration-ms="13406" started-at="2022-05-04T14:09:45 IST" finished-at="2022-05-04T14:09:58 IST">
          <reporter-output>
          </reporter-output>
        </test-method> <!-- logins -->
        <test-method status="PASS" signature="tearDown(org.testng.ITestResult)[pri:0, instance:com.Testclass.Tc4@b9afc07]" name="tearDown" is-config="true" duration-ms="0" started-at="2022-05-04T14:09:58 IST" finished-at="2022-05-04T14:09:58 IST">
          <params>
            <param index="0">
              <value>
                <![CDATA[[TestResult name=logins status=SUCCESS method=Tc4.logins()[pri:1, instance:com.Testclass.Tc4@b9afc07] output={null}]]]>
              </value>
            </param>
          </params>
          <reporter-output>
          </reporter-output>
        </test-method> <!-- tearDown -->
        <test-method status="PASS" signature="tabs()[pri:2, instance:com.Testclass.Tc4@b9afc07]" name="tabs" duration-ms="35168" started-at="2022-05-04T14:09:58 IST" finished-at="2022-05-04T14:10:34 IST">
          <reporter-output>
          </reporter-output>
        </test-method> <!-- tabs -->
        <test-method status="PASS" signature="tearDown(org.testng.ITestResult)[pri:0, instance:com.Testclass.Tc4@b9afc07]" name="tearDown" is-config="true" duration-ms="1" started-at="2022-05-04T14:10:34 IST" finished-at="2022-05-04T14:10:34 IST">
          <params>
            <param index="0">
              <value>
                <![CDATA[[TestResult name=tabs status=SUCCESS method=Tc4.tabs()[pri:2, instance:com.Testclass.Tc4@b9afc07] output={null}]]]>
              </value>
            </param>
          </params>
          <reporter-output>
          </reporter-output>
        </test-method> <!-- tearDown -->
        <test-method status="PASS" signature="quitBrowser()[pri:0, instance:com.Testclass.Tc4@b9afc07]" name="quitBrowser" is-config="true" duration-ms="121" started-at="2022-05-04T14:10:34 IST" finished-at="2022-05-04T14:10:34 IST">
          <reporter-output>
          </reporter-output>
        </test-method> <!-- quitBrowser -->
      </class> <!-- com.Testclass.Tc4 -->
    </test> <!-- Test4 -->
  </suite> <!-- Suite -->
</testng-results>
